<?xml version="1.0" encoding="UTF-8"?>
<!-- Generated by org.testng.reporters.JUnitReportReporter -->
<testsuite skipped="0" hostname="DESKTOP-6U2ELF0" name="orange.HRM.TestCases.VerifyOrangeHRM" tests="1" failures="0" timestamp="2021-08-26T22:41:55 IST" time="97.171" errors="0">
  <testcase name="VerifyOrangeHRMSearch" time="97.171" classname="orange.HRM.TestCases.VerifyOrangeHRM"/>
  <system-out/>
</testsuite> <!-- orange.HRM.TestCases.VerifyOrangeHRM -->
